Dropped database 'levenshtein_rails_production'
Created database 'levenshtein_rails_production'
== 20160101000001 CreateTables: migrating =====================================
-- create_table(:word_lengths)
   -> 0.0068s
-- create_table(:words)
   -> 0.0045s
-- create_table(:word_friends)
   -> 0.0035s
-- create_table(:hist_friends)
   -> 0.0043s
-- create_table(:social_nodes)
   -> 0.0082s
-- create_table(:histograms)
   -> 0.0087s
== 20160101000001 CreateTables: migrated (0.0365s) ============================

== 20161005034750 CreateWordLengths: migrating ================================
-- add_column(:word_lengths, :length, :integer)
   -> 0.0013s
== 20161005034750 CreateWordLengths: migrated (0.0015s) =======================

== 20161005034759 CreateWords: migrating ======================================
-- add_column(:words, :name, :string)
   -> 0.0057s
-- add_column(:words, :length, :integer)
   -> 0.0012s
-- add_reference(:words, :word_length, {:foreign_key=>true})
   -> 0.0164s
-- add_reference(:words, :histogram, {:foreign_key=>true})
   -> 0.0117s
== 20161005034759 CreateWords: migrated (0.0359s) =============================

== 20161005035240 CreateWordFriends: migrating ================================
-- add_column(:word_friends, :traced_by, :text)
   -> 0.0048s
-- add_column(:word_friends, :traced_last_by, :string)
   -> 0.0005s
-- add_reference(:word_friends, :word_from, {:foreign_key=>{:to_table=>:words}})
   -> 0.0080s
-- add_reference(:word_friends, :word_to, {:foreign_key=>{:to_table=>:words}})
   -> 0.0074s
== 20161005035240 CreateWordFriends: migrated (0.0210s) =======================

== 20161005035315 CreateHistFriends: migrating ================================
-- add_column(:hist_friends, :traced_by, :text)
   -> 0.0033s
-- add_column(:hist_friends, :traced_last_by, :string)
   -> 0.0003s
-- add_reference(:hist_friends, :hist_from, {:foreign_key=>{:to_table=>:histograms}})
   -> 0.0058s
-- add_reference(:hist_friends, :hist_to, {:foreign_key=>{:to_table=>:histograms}})
   -> 0.0062s
== 20161005035315 CreateHistFriends: migrated (0.0159s) =======================

== 20161006012552 CreateSocialNodes: migrating ================================
-- add_column(:social_nodes, :qty_steps, :integer)
   -> 0.0059s
-- add_reference(:social_nodes, :word_orig, {:foreign_key=>{:to_table=>:words}})
   -> 0.0099s
-- add_reference(:social_nodes, :word_from, {:foreign_key=>{:to_table=>:words}})
   -> 0.0118s
-- add_reference(:social_nodes, :word_to, {:foreign_key=>{:to_table=>:words}})
   -> 0.0110s
== 20161006012552 CreateSocialNodes: migrated (0.0394s) =======================

== 20161006013850 CreateHistograms: migrating =================================
-- add_column(:histograms, :hist, :text)
   -> 0.0058s
-- add_column(:histograms, :length, :integer)
   -> 0.0011s
-- add_reference(:histograms, :word_length, {:foreign_key=>true})
   -> 0.0131s
== 20161006013850 CreateHistograms: migrated (0.0206s) ========================

== 20161016061938 AddFromLengthToHistFriends: migrating =======================
-- add_column(:hist_friends, :from_length, :integer)
   -> 0.0012s
== 20161016061938 AddFromLengthToHistFriends: migrated (0.0014s) ==============

== 20161016062047 AddToLengthToHistFriends: migrating =========================
-- add_column(:hist_friends, :to_length, :integer)
   -> 0.0012s
== 20161016062047 AddToLengthToHistFriends: migrated (0.0015s) ================

== 20161016062048 AddFromLengthToWordFriends: migrating =======================
-- add_column(:word_friends, :from_length, :integer)
   -> 0.0012s
== 20161016062048 AddFromLengthToWordFriends: migrated (0.0014s) ==============

== 20161016062049 AddToLengthToWordFriends: migrating =========================
-- add_column(:word_friends, :to_length, :integer)
   -> 0.0011s
== 20161016062049 AddToLengthToWordFriends: migrated (0.0013s) ================

== 20161016063220 AddCommentToHistFriends: migrating ==========================
-- add_column(:hist_friends, :comment, :string)
   -> 0.0011s
== 20161016063220 AddCommentToHistFriends: migrated (0.0013s) =================

== 20161016063221 AddCommentToWordFriends: migrating ==========================
-- add_column(:word_friends, :comment, :string)
   -> 0.0011s
== 20161016063221 AddCommentToWordFriends: migrated (0.0013s) =================

== 20161016073907 AddTraversedIdsToWords: migrating ===========================
-- add_column(:words, :traversed_ids, :string)
   -> 0.0012s
== 20161016073907 AddTraversedIdsToWords: migrated (0.0014s) ==================

== 20161016085708 AddIsTestCaseToWords: migrating =============================
-- add_column(:words, :is_test_case, :string)
   -> 0.0011s
== 20161016085708 AddIsTestCaseToWords: migrated (0.0013s) ====================

== 20161016092721 AddSocNetSizeToWords: migrating =============================
-- add_column(:words, :soc_net_size, :integer)
   -> 0.0010s
== 20161016092721 AddSocNetSizeToWords: migrated (0.0012s) ====================

== 20161105201128 CreateRawWords: migrating ===================================
-- create_table(:raw_words)
   -> 0.0184s
== 20161105201128 CreateRawWords: migrated (0.0186s) ==========================

       user     system      total        real
max_words: 10
vvvvvvvvvvvvvvvvvvvvvvvvvvvvvvvvvvvvvvvvvvvvvvvvvvvvvvvvvvvvvvvvvvvvvvvvvvvvvvvv

Loader#remove_records -> .. Starting with record counts: {:WordLength=>0, :RawWord=>0, :Word=>0, :Histogram=>0, :WordFriend=>0, :HistFriend=>0, :SocialNode=>0}.
{:RawWord=>9, :Word=>9, :Histogram=>9, :HistFriend=>2, :HistFriend_max=>9, :WordFriend=>4, :WordFriend_max_word_from_id=>9, :SocialNode=>4, :SocialNode_max_word_orig_id=>9}

#friends : #occurs graph
       2 :       2 **

count of distinct #friends: 1

avg #friends/word: 2.0

--------------------------------------------------------------------------------
  1.050000   0.020000   1.070000 (  1.288500)
max_words: 21
vvvvvvvvvvvvvvvvvvvvvvvvvvvvvvvvvvvvvvvvvvvvvvvvvvvvvvvvvvvvvvvvvvvvvvvvvvvvvvvv

Loader#remove_records -> .. Starting with record counts: {:WordLength=>0, :RawWord=>0, :Word=>0, :Histogram=>0, :WordFriend=>0, :HistFriend=>0, :SocialNode=>0}.
{:RawWord=>20, :Word=>18, :Histogram=>18, :HistFriend=>10, :HistFriend_max=>17, :WordFriend=>22, :WordFriend_max_word_from_id=>17, :SocialNode=>30, :SocialNode_max_word_orig_id=>17}

#friends : #occurs graph
       2 :       6 ******
       3 :       2 **
       4 :       1 *

count of distinct #friends: 3

avg #friends/word: 2.4444444444444446

--------------------------------------------------------------------------------
  1.530000   0.030000   1.560000 (  1.908039)
max_words: 42
vvvvvvvvvvvvvvvvvvvvvvvvvvvvvvvvvvvvvvvvvvvvvvvvvvvvvvvvvvvvvvvvvvvvvvvvvvvvvvvv

Loader#remove_records -> .. Starting with record counts: {:WordLength=>0, :RawWord=>0, :Word=>0, :Histogram=>0, :WordFriend=>0, :HistFriend=>0, :SocialNode=>0}.
{:RawWord=>41, :Word=>39, :Histogram=>39, :HistFriend=>62, :HistFriend_max=>39, :WordFriend=>128, :WordFriend_max_word_from_id=>39, :SocialNode=>674, :SocialNode_max_word_orig_id=>39}

#friends : #occurs graph
       1 :       1 *
       2 :      11 ***********
       3 :       4 ****
       4 :       1 *
       5 :       6 ******
       6 :       1 *
       7 :       1 *
       8 :       2 **
      10 :       3 ***

count of distinct #friends: 9

avg #friends/word: 4.266666666666667

--------------------------------------------------------------------------------
  6.540000   0.190000   6.730000 (  8.000297)
max_words: 83
vvvvvvvvvvvvvvvvvvvvvvvvvvvvvvvvvvvvvvvvvvvvvvvvvvvvvvvvvvvvvvvvvvvvvvvvvvvvvvvv

Loader#remove_records -> .. Starting with record counts: {:WordLength=>0, :RawWord=>0, :Word=>0, :Histogram=>0, :WordFriend=>0, :HistFriend=>0, :SocialNode=>0}.
{:RawWord=>82, :Word=>71, :Histogram=>71, :HistFriend=>106, :HistFriend_max=>71, :WordFriend=>200, :WordFriend_max_word_from_id=>71, :SocialNode=>782, :SocialNode_max_word_orig_id=>71}

#friends : #occurs graph
       1 :       1 *
       2 :      31 *******************************
       3 :       4 ****
       4 :       4 ****
       5 :      10 **********
       6 :       1 *
       7 :       1 *
       8 :       2 **
      10 :       3 ***

count of distinct #friends: 9

avg #friends/word: 3.508771929824561

--------------------------------------------------------------------------------
 10.100000   0.220000  10.320000 ( 12.242766)
max_words: 166
vvvvvvvvvvvvvvvvvvvvvvvvvvvvvvvvvvvvvvvvvvvvvvvvvvvvvvvvvvvvvvvvvvvvvvvvvvvvvvvv

Loader#remove_records -> .. Starting with record counts: {:WordLength=>0, :RawWord=>0, :Word=>0, :Histogram=>0, :WordFriend=>0, :HistFriend=>0, :SocialNode=>0}.
{:RawWord=>165, :Word=>145, :Histogram=>145, :HistFriend=>212, :HistFriend_max=>145, :WordFriend=>372, :WordFriend_max_word_from_id=>145, :SocialNode=>1170, :SocialNode_max_word_orig_id=>145}

#friends : #occurs graph
       1 :       1 *
       2 :      61 *************************************************************
       3 :      11 ***********
       4 :       6 ******
       5 :      22 **********************
       6 :       1 *
       7 :       2 **
       8 :       4 ****
      10 :       3 ***

count of distinct #friends: 9

avg #friends/word: 3.3513513513513513

--------------------------------------------------------------------------------
 21.660000   0.400000  22.060000 ( 26.132533)
max_words: 332
vvvvvvvvvvvvvvvvvvvvvvvvvvvvvvvvvvvvvvvvvvvvvvvvvvvvvvvvvvvvvvvvvvvvvvvvvvvvvvvv

Loader#remove_records -> .. Starting with record counts: {:WordLength=>0, :RawWord=>0, :Word=>0, :Histogram=>0, :WordFriend=>0, :HistFriend=>0, :SocialNode=>0}.
{:RawWord=>331, :Word=>291, :Histogram=>290, :HistFriend=>438, :HistFriend_max=>289, :WordFriend=>682, :WordFriend_max_word_from_id=>290, :SocialNode=>1846, :SocialNode_max_word_orig_id=>290}

#friends : #occurs graph
       1 :       1 *
       2 :     127 *******************************************************************************************************************************
       3 :      19 *******************
       4 :      17 *****************
       5 :      38 **************************************
       6 :       1 *
       7 :       4 ****
       8 :       6 ******
      10 :       3 ***

count of distinct #friends: 9

avg #friends/word: 3.1574074074074074

--------------------------------------------------------------------------------
 50.620000   1.180000  51.800000 ( 61.829290)
max_words: 664
vvvvvvvvvvvvvvvvvvvvvvvvvvvvvvvvvvvvvvvvvvvvvvvvvvvvvvvvvvvvvvvvvvvvvvvvvvvvvvvv

Loader#remove_records -> .. Starting with record counts: {:WordLength=>0, :RawWord=>0, :Word=>0, :Histogram=>0, :WordFriend=>0, :HistFriend=>0, :SocialNode=>0}.
{:RawWord=>663, :Word=>579, :Histogram=>576, :HistFriend=>930, :HistFriend_max=>576, :WordFriend=>1510, :WordFriend_max_word_from_id=>579, :SocialNode=>7476, :SocialNode_max_word_orig_id=>579}

#friends : #occurs graph
       1 :       1 *
       2 :     252 ************************************************************************************************************************************************************************************************************************************************************
       3 :      41 *****************************************
       4 :      33 *********************************
       5 :      70 **********************************************************************
       6 :       6 ******
       7 :       6 ******
       8 :      11 ***********
       9 :       1 *
      10 :      11 ***********
      11 :       2 **
      13 :       6 ******
      15 :       1 *

count of distinct #friends: 13

avg #friends/word: 3.4240362811791383

--------------------------------------------------------------------------------
139.940000   3.210000 143.150000 (171.260866)
max_words: 1328
vvvvvvvvvvvvvvvvvvvvvvvvvvvvvvvvvvvvvvvvvvvvvvvvvvvvvvvvvvvvvvvvvvvvvvvvvvvvvvvv

Loader#remove_records -> .. Starting with record counts: {:WordLength=>0, :RawWord=>0, :Word=>0, :Histogram=>0, :WordFriend=>0, :HistFriend=>0, :SocialNode=>0}.
{:RawWord=>1327, :Word=>1150, :Histogram=>1145, :HistFriend=>1946, :HistFriend_max=>1145, :WordFriend=>3200, :WordFriend_max_word_from_id=>1149, :SocialNode=>16758, :SocialNode_max_word_orig_id=>1149}

#friends : #occurs graph
       1 :       3 ***
       2 :     507 ***************************************************************************************************************************************************************************************************************************************************************************************************************************************************************************************************************************************************************************************************************************
       3 :      59 ***********************************************************
       4 :      74 **************************************************************************
       5 :     143 ***********************************************************************************************************************************************
       6 :      12 ************
       7 :      18 ******************
       8 :      32 ********************************
       9 :       2 **
      10 :      18 ******************
      11 :       2 **
      12 :       1 *
      13 :      14 **************
      15 :       4 ****
      16 :       2 **
      17 :       1 *
      18 :       1 *

count of distinct #friends: 17

avg #friends/word: 3.5834266517357225

--------------------------------------------------------------------------------
391.110000   9.110000 400.220000 (482.648820)
max_words: 2656
vvvvvvvvvvvvvvvvvvvvvvvvvvvvvvvvvvvvvvvvvvvvvvvvvvvvvvvvvvvvvvvvvvvvvvvvvvvvvvvv

Loader#remove_records -> .. Starting with record counts: {:WordLength=>0, :RawWord=>0, :Word=>0, :Histogram=>0, :WordFriend=>0, :HistFriend=>0, :SocialNode=>0}.
{:RawWord=>2655, :Word=>2264, :Histogram=>2244, :HistFriend=>4830, :HistFriend_max=>2244, :WordFriend=>6760, :WordFriend_max_word_from_id=>2261, :SocialNode=>206060, :SocialNode_max_word_orig_id=>2261}

#friends : #occurs graph
       1 :       3 ***
       2 :     987 ***************************************************************************************************************************************************************************************************************************************************************************************************************************************************************************************************************************************************************************************************************************************************************************************************************************************************************************************************************************************************************************************************************************************************************************************************************************************************************************************************************************
       3 :     100 ****************************************************************************************************
       4 :     157 *************************************************************************************************************************************************************
       5 :     275 ***********************************************************************************************************************************************************************************************************************************************************************************
       6 :      34 **********************************
       7 :      54 ******************************************************
       8 :      61 *************************************************************
       9 :      15 ***************
      10 :      31 *******************************
      11 :      14 **************
      12 :       4 ****
      13 :      19 *******************
      14 :       3 ***
      15 :       7 *******
      16 :       8 ********
      18 :       3 ***
      19 :       3 ***
      20 :       1 *
      21 :       1 *
      22 :       3 ***
      23 :       1 *

count of distinct #friends: 22

avg #friends/word: 3.789237668161435

--------------------------------------------------------------------------------
1506.410000  38.780000 1545.190000 (1888.605697)
max_words: 5312
vvvvvvvvvvvvvvvvvvvvvvvvvvvvvvvvvvvvvvvvvvvvvvvvvvvvvvvvvvvvvvvvvvvvvvvvvvvvvvvv

Loader#remove_records -> .. Starting with record counts: {:WordLength=>0, :RawWord=>0, :Word=>0, :Histogram=>0, :WordFriend=>0, :HistFriend=>0, :SocialNode=>0}.
{:RawWord=>5311, :Word=>4476, :Histogram=>4430, :HistFriend=>12886, :HistFriend_max=>4429, :WordFriend=>15320, :WordFriend_max_word_from_id=>4475, :SocialNode=>2364784, :SocialNode_max_word_orig_id=>4475}

#friends : #occurs graph
       1 :       5 *****
       2 :    1963 *******************************************************************************************************************************************************************************************************************************************************************************************************************************************************************************************************************************************************************************************************************************************************************************************************************************************************************************************************************************************************************************************************************************************************************************************************************************************************************************************************************************************************************************************************************************************************************************************************************************************************************************************************************************************************************************************************************************************************************************************************************************************************************************************************************************************************************************************************************************************************************************************************************************************************************************************************************************************************************************************************************************************
       3 :     175 *******************************************************************************************************************************************************************************
       4 :     304 ****************************************************************************************************************************************************************************************************************************************************************************************************************
       5 :     513 *********************************************************************************************************************************************************************************************************************************************************************************************************************************************************************************************************************************************************************************************************************************
       6 :      73 *************************************************************************
       7 :     101 *****************************************************************************************************
       8 :     111 ***************************************************************************************************************
       9 :      28 ****************************
      10 :      72 ************************************************************************
      11 :      24 ************************
      12 :      18 ******************
      13 :      28 ****************************
      14 :      13 *************
      15 :      15 ***************
      16 :      22 **********************
      17 :       7 *******
      18 :       8 ********
      19 :      11 ***********
      20 :       7 *******
      21 :       6 ******
      22 :       5 *****
      23 :       7 *******
      24 :       2 **
      25 :       6 ******
      26 :       1 *
      27 :       4 ****
      28 :       3 ***
      29 :       7 *******
      30 :       2 **
      31 :       3 ***
      32 :       1 *
      33 :       4 ****
      34 :       1 *
      35 :       4 ****
      37 :       3 ***
      39 :       2 **
      40 :       1 *
      41 :       1 *
      42 :       1 *
      44 :       1 *

count of distinct #friends: 41

avg #friends/word: 4.29974740387314

--------------------------------------------------------------------------------
7474.060000 201.260000 7675.320000 (9766.793365)
max_words: 10624
vvvvvvvvvvvvvvvvvvvvvvvvvvvvvvvvvvvvvvvvvvvvvvvvvvvvvvvvvvvvvvvvvvvvvvvvvvvvvvvv

Loader#remove_records -> .. Starting with record counts: {:WordLength=>0, :RawWord=>0, :Word=>0, :Histogram=>0, :WordFriend=>0, :HistFriend=>0, :SocialNode=>0}.
